[WARNING] 2024-01-13 22:25:23,706 | passlib.handlers.bcrypt:622 | (trapped) error reading bcrypt version
Traceback (most recent call last):
  File "/usr/local/lib/python3.11/site-packages/passlib/handlers/bcrypt.py", line 620, in _load_backend_mixin
    version = _bcrypt.__about__.__version__
              ^^^^^^^^^^^^^^^^^
AttributeError: module 'bcrypt' has no attribute '__about__'
[INFO] 2024-01-13 22:25:29,895 | api.routers.user:62 | ログインユーザーの取得に成功しました
[WARNING] 2024-01-13 22:26:23,156 | passlib.handlers.bcrypt:622 | (trapped) error reading bcrypt version
Traceback (most recent call last):
  File "/usr/local/lib/python3.11/site-packages/passlib/handlers/bcrypt.py", line 620, in _load_backend_mixin
    version = _bcrypt.__about__.__version__
              ^^^^^^^^^^^^^^^^^
AttributeError: module 'bcrypt' has no attribute '__about__'
[INFO] 2024-01-13 22:26:23,395 | httpx:1729 | HTTP Request: POST http://test/user/create "HTTP/1.1 201 Created"
[INFO] 2024-01-13 22:26:23,647 | httpx:1729 | HTTP Request: POST http://test/token "HTTP/1.1 200 OK"
[INFO] 2024-01-13 22:26:23,652 | httpx:1729 | HTTP Request: POST http://test/todo/create "HTTP/1.1 201 Created"
[INFO] 2024-01-13 22:26:23,882 | httpx:1729 | HTTP Request: POST http://test/user/create "HTTP/1.1 201 Created"
[INFO] 2024-01-13 22:26:24,099 | httpx:1729 | HTTP Request: POST http://test/token "HTTP/1.1 200 OK"
[INFO] 2024-01-13 22:26:24,102 | httpx:1729 | HTTP Request: GET http://test/todo/list "HTTP/1.1 200 OK"
[INFO] 2024-01-13 22:26:24,332 | httpx:1729 | HTTP Request: POST http://test/user/create "HTTP/1.1 201 Created"
[INFO] 2024-01-13 22:26:24,548 | httpx:1729 | HTTP Request: POST http://test/token "HTTP/1.1 200 OK"
[INFO] 2024-01-13 22:26:24,551 | httpx:1729 | HTTP Request: POST http://test/todo/create "HTTP/1.1 201 Created"
[INFO] 2024-01-13 22:26:24,553 | httpx:1729 | HTTP Request: GET http://test/todo/detail/1 "HTTP/1.1 200 OK"
[INFO] 2024-01-13 22:26:24,785 | httpx:1729 | HTTP Request: POST http://test/user/create "HTTP/1.1 201 Created"
[INFO] 2024-01-13 22:26:25,006 | httpx:1729 | HTTP Request: POST http://test/token "HTTP/1.1 200 OK"
[INFO] 2024-01-13 22:26:25,009 | httpx:1729 | HTTP Request: POST http://test/todo/create "HTTP/1.1 201 Created"
[INFO] 2024-01-13 22:26:25,013 | httpx:1729 | HTTP Request: PATCH http://test/todo/update/1 "HTTP/1.1 200 OK"
[INFO] 2024-01-13 22:26:25,240 | httpx:1729 | HTTP Request: POST http://test/user/create "HTTP/1.1 201 Created"
[INFO] 2024-01-13 22:26:25,456 | httpx:1729 | HTTP Request: POST http://test/token "HTTP/1.1 200 OK"
[INFO] 2024-01-13 22:26:25,458 | httpx:1729 | HTTP Request: POST http://test/todo/create "HTTP/1.1 201 Created"
[INFO] 2024-01-13 22:26:25,460 | httpx:1729 | HTTP Request: DELETE http://test/todo/delete/1 "HTTP/1.1 204 No Content"
[INFO] 2024-01-13 22:26:25,692 | httpx:1729 | HTTP Request: POST http://test/user/create "HTTP/1.1 201 Created"
[INFO] 2024-01-13 22:26:25,919 | httpx:1729 | HTTP Request: POST http://test/user/create "HTTP/1.1 201 Created"
[INFO] 2024-01-13 22:26:26,135 | httpx:1729 | HTTP Request: POST http://test/token "HTTP/1.1 200 OK"
[INFO] 2024-01-13 22:26:26,137 | api.routers.user:62 | ログインユーザーの取得に成功しました
[INFO] 2024-01-13 22:26:26,137 | httpx:1729 | HTTP Request: GET http://test/user/me "HTTP/1.1 200 OK"
[INFO] 2024-01-13 22:26:26,367 | httpx:1729 | HTTP Request: POST http://test/user/create "HTTP/1.1 201 Created"
[INFO] 2024-01-13 22:26:26,585 | httpx:1729 | HTTP Request: POST http://test/token "HTTP/1.1 200 OK"
[INFO] 2024-01-13 22:26:26,803 | httpx:1729 | HTTP Request: PATCH http://test/user/update "HTTP/1.1 200 OK"
[INFO] 2024-01-13 22:26:27,031 | httpx:1729 | HTTP Request: POST http://test/user/create "HTTP/1.1 201 Created"
[INFO] 2024-01-13 22:26:27,246 | httpx:1729 | HTTP Request: POST http://test/token "HTTP/1.1 200 OK"
[INFO] 2024-01-13 22:26:27,249 | httpx:1729 | HTTP Request: DELETE http://test/user/delete "HTTP/1.1 204 No Content"
[WARNING] 1705200001.9734497 | passlib.handlers.bcrypt:622 | (trapped) error reading bcrypt version
Traceback (most recent call last):
  File "/usr/local/lib/python3.11/site-packages/passlib/handlers/bcrypt.py", line 620, in _load_backend_mixin
    version = _bcrypt.__about__.__version__
              ^^^^^^^^^^^^^^^^^
AttributeError: module 'bcrypt' has no attribute '__about__'
[INFO] 1705200004.293501 | api.routers.user:62 | ログインユーザーの取得に成功しました
[WARNING] 2024-01-14 12:55:40,061 | passlib.handlers.bcrypt:622 | (trapped) error reading bcrypt version
Traceback (most recent call last):
  File "/usr/local/lib/python3.12/site-packages/passlib/handlers/bcrypt.py", line 620, in _load_backend_mixin
    version = _bcrypt.__about__.__version__
              ^^^^^^^^^^^^^^^^^
AttributeError: module 'bcrypt' has no attribute '__about__'
[WARNING] 2024-01-14 12:57:24,393 | passlib.handlers.bcrypt:622 | (trapped) error reading bcrypt version
Traceback (most recent call last):
  File "/usr/local/lib/python3.12/site-packages/passlib/handlers/bcrypt.py", line 620, in _load_backend_mixin
    version = _bcrypt.__about__.__version__
              ^^^^^^^^^^^^^^^^^
AttributeError: module 'bcrypt' has no attribute '__about__'
[INFO] 2024-01-14 12:57:24,652 | httpx:1729 | HTTP Request: POST http://test/user/create "HTTP/1.1 201 Created"
[INFO] 2024-01-14 12:57:24,898 | httpx:1729 | HTTP Request: POST http://test/token "HTTP/1.1 200 OK"
[INFO] 2024-01-14 12:57:24,902 | httpx:1729 | HTTP Request: POST http://test/todo/create "HTTP/1.1 201 Created"
[INFO] 2024-01-14 12:57:25,133 | httpx:1729 | HTTP Request: POST http://test/user/create "HTTP/1.1 201 Created"
[INFO] 2024-01-14 12:57:25,349 | httpx:1729 | HTTP Request: POST http://test/token "HTTP/1.1 200 OK"
[INFO] 2024-01-14 12:57:25,352 | httpx:1729 | HTTP Request: GET http://test/todo/list "HTTP/1.1 200 OK"
[INFO] 2024-01-14 12:57:25,582 | httpx:1729 | HTTP Request: POST http://test/user/create "HTTP/1.1 201 Created"
[INFO] 2024-01-14 12:57:25,801 | httpx:1729 | HTTP Request: POST http://test/token "HTTP/1.1 200 OK"
[INFO] 2024-01-14 12:57:25,805 | httpx:1729 | HTTP Request: POST http://test/todo/create "HTTP/1.1 201 Created"
[INFO] 2024-01-14 12:57:25,807 | httpx:1729 | HTTP Request: GET http://test/todo/detail/1 "HTTP/1.1 200 OK"
[INFO] 2024-01-14 12:57:26,051 | httpx:1729 | HTTP Request: POST http://test/user/create "HTTP/1.1 201 Created"
[INFO] 2024-01-14 12:57:26,299 | httpx:1729 | HTTP Request: POST http://test/token "HTTP/1.1 200 OK"
[INFO] 2024-01-14 12:57:26,304 | httpx:1729 | HTTP Request: POST http://test/todo/create "HTTP/1.1 201 Created"
[INFO] 2024-01-14 12:57:26,314 | httpx:1729 | HTTP Request: PATCH http://test/todo/update/1 "HTTP/1.1 200 OK"
[INFO] 2024-01-14 12:57:26,630 | httpx:1729 | HTTP Request: POST http://test/user/create "HTTP/1.1 201 Created"
[INFO] 2024-01-14 12:57:26,883 | httpx:1729 | HTTP Request: POST http://test/token "HTTP/1.1 200 OK"
[INFO] 2024-01-14 12:57:26,903 | httpx:1729 | HTTP Request: POST http://test/todo/create "HTTP/1.1 201 Created"
[INFO] 2024-01-14 12:57:26,920 | httpx:1729 | HTTP Request: DELETE http://test/todo/delete/1 "HTTP/1.1 204 No Content"
[INFO] 2024-01-14 12:57:27,164 | httpx:1729 | HTTP Request: POST http://test/user/create "HTTP/1.1 201 Created"
[INFO] 2024-01-14 12:57:27,397 | httpx:1729 | HTTP Request: POST http://test/user/create "HTTP/1.1 201 Created"
[INFO] 2024-01-14 12:57:27,614 | httpx:1729 | HTTP Request: POST http://test/token "HTTP/1.1 200 OK"
[INFO] 2024-01-14 12:57:27,617 | api.routers.user:62 | ログインユーザーの取得に成功しました
[INFO] 2024-01-14 12:57:27,617 | httpx:1729 | HTTP Request: GET http://test/user/me "HTTP/1.1 200 OK"
[INFO] 2024-01-14 12:57:27,846 | httpx:1729 | HTTP Request: POST http://test/user/create "HTTP/1.1 201 Created"
[INFO] 2024-01-14 12:57:28,066 | httpx:1729 | HTTP Request: POST http://test/token "HTTP/1.1 200 OK"
[INFO] 2024-01-14 12:57:28,286 | httpx:1729 | HTTP Request: PATCH http://test/user/update "HTTP/1.1 200 OK"
[INFO] 2024-01-14 12:57:28,572 | httpx:1729 | HTTP Request: POST http://test/user/create "HTTP/1.1 201 Created"
[INFO] 2024-01-14 12:57:28,790 | httpx:1729 | HTTP Request: POST http://test/token "HTTP/1.1 200 OK"
[INFO] 2024-01-14 12:57:28,794 | httpx:1729 | HTTP Request: DELETE http://test/user/delete "HTTP/1.1 204 No Content"
[WARNING] 2024-01-14 13:48:09,369 | passlib.handlers.bcrypt:622 | (trapped) error reading bcrypt version
Traceback (most recent call last):
  File "/usr/local/lib/python3.12/site-packages/passlib/handlers/bcrypt.py", line 620, in _load_backend_mixin
    version = _bcrypt.__about__.__version__
              ^^^^^^^^^^^^^^^^^
AttributeError: module 'bcrypt' has no attribute '__about__'
[WARNING] 2024-01-14 13:48:28,082 | passlib.handlers.bcrypt:622 | (trapped) error reading bcrypt version
Traceback (most recent call last):
  File "/usr/local/lib/python3.12/site-packages/passlib/handlers/bcrypt.py", line 620, in _load_backend_mixin
    version = _bcrypt.__about__.__version__
              ^^^^^^^^^^^^^^^^^
AttributeError: module 'bcrypt' has no attribute '__about__'
[INFO] 2024-01-14 13:48:28,331 | httpx:1758 | HTTP Request: POST http://test/user/create "HTTP/1.1 201 Created"
[INFO] 2024-01-14 13:48:28,625 | httpx:1758 | HTTP Request: POST http://test/token "HTTP/1.1 200 OK"
[INFO] 2024-01-14 13:48:28,629 | httpx:1758 | HTTP Request: POST http://test/todo/create "HTTP/1.1 201 Created"
[INFO] 2024-01-14 13:48:28,865 | httpx:1758 | HTTP Request: POST http://test/user/create "HTTP/1.1 201 Created"
[INFO] 2024-01-14 13:48:29,128 | httpx:1758 | HTTP Request: POST http://test/token "HTTP/1.1 200 OK"
[INFO] 2024-01-14 13:48:29,130 | httpx:1758 | HTTP Request: GET http://test/todo/list "HTTP/1.1 200 OK"
[INFO] 2024-01-14 13:48:29,374 | httpx:1758 | HTTP Request: POST http://test/user/create "HTTP/1.1 201 Created"
[INFO] 2024-01-14 13:48:29,626 | httpx:1758 | HTTP Request: POST http://test/token "HTTP/1.1 200 OK"
[INFO] 2024-01-14 13:48:29,629 | httpx:1758 | HTTP Request: POST http://test/todo/create "HTTP/1.1 201 Created"
[INFO] 2024-01-14 13:48:29,631 | httpx:1758 | HTTP Request: GET http://test/todo/detail/1 "HTTP/1.1 200 OK"
[INFO] 2024-01-14 13:48:29,889 | httpx:1758 | HTTP Request: POST http://test/user/create "HTTP/1.1 201 Created"
[INFO] 2024-01-14 13:48:30,135 | httpx:1758 | HTTP Request: POST http://test/token "HTTP/1.1 200 OK"
[INFO] 2024-01-14 13:48:30,138 | httpx:1758 | HTTP Request: POST http://test/todo/create "HTTP/1.1 201 Created"
[INFO] 2024-01-14 13:48:30,142 | httpx:1758 | HTTP Request: PATCH http://test/todo/update/1 "HTTP/1.1 200 OK"
[INFO] 2024-01-14 13:48:30,398 | httpx:1758 | HTTP Request: POST http://test/user/create "HTTP/1.1 201 Created"
[INFO] 2024-01-14 13:48:30,641 | httpx:1758 | HTTP Request: POST http://test/token "HTTP/1.1 200 OK"
[INFO] 2024-01-14 13:48:30,644 | httpx:1758 | HTTP Request: POST http://test/todo/create "HTTP/1.1 201 Created"
[INFO] 2024-01-14 13:48:30,646 | httpx:1758 | HTTP Request: DELETE http://test/todo/delete/1 "HTTP/1.1 204 No Content"
[INFO] 2024-01-14 13:48:30,909 | httpx:1758 | HTTP Request: POST http://test/user/create "HTTP/1.1 201 Created"
[INFO] 2024-01-14 13:48:31,154 | httpx:1758 | HTTP Request: POST http://test/user/create "HTTP/1.1 201 Created"
[INFO] 2024-01-14 13:48:31,415 | httpx:1758 | HTTP Request: POST http://test/token "HTTP/1.1 200 OK"
[INFO] 2024-01-14 13:48:31,417 | api.routers.user:62 | ログインユーザーの取得に成功しました
[INFO] 2024-01-14 13:48:31,418 | httpx:1758 | HTTP Request: GET http://test/user/me "HTTP/1.1 200 OK"
[INFO] 2024-01-14 13:48:31,658 | httpx:1758 | HTTP Request: POST http://test/user/create "HTTP/1.1 201 Created"
[INFO] 2024-01-14 13:48:31,927 | httpx:1758 | HTTP Request: POST http://test/token "HTTP/1.1 200 OK"
[INFO] 2024-01-14 13:48:32,160 | httpx:1758 | HTTP Request: PATCH http://test/user/update "HTTP/1.1 200 OK"
[INFO] 2024-01-14 13:48:32,458 | httpx:1758 | HTTP Request: POST http://test/user/create "HTTP/1.1 201 Created"
[INFO] 2024-01-14 13:48:32,703 | httpx:1758 | HTTP Request: POST http://test/token "HTTP/1.1 200 OK"
[INFO] 2024-01-14 13:48:32,710 | httpx:1758 | HTTP Request: DELETE http://test/user/delete "HTTP/1.1 204 No Content"
[WARNING] 2024-01-14 14:10:30,371 | passlib.handlers.bcrypt:622 | (trapped) error reading bcrypt version
Traceback (most recent call last):
  File "/usr/local/lib/python3.12/site-packages/passlib/handlers/bcrypt.py", line 620, in _load_backend_mixin
    version = _bcrypt.__about__.__version__
              ^^^^^^^^^^^^^^^^^
AttributeError: module 'bcrypt' has no attribute '__about__'
[INFO] 2024-01-14 14:10:57,136 | api.routers.user:62 | ログインユーザーの取得に成功しました
[INFO] 2024-01-14 14:10:58,642 | api.routers.user:62 | ログインユーザーの取得に成功しました
[WARNING] 2024-01-15 23:29:05,344 | passlib.handlers.bcrypt:622 | (trapped) error reading bcrypt version
Traceback (most recent call last):
  File "/usr/local/lib/python3.12/site-packages/passlib/handlers/bcrypt.py", line 620, in _load_backend_mixin
    version = _bcrypt.__about__.__version__
              ^^^^^^^^^^^^^^^^^
AttributeError: module 'bcrypt' has no attribute '__about__'
[INFO] 2024-01-15 23:29:05,663 | httpx:1758 | HTTP Request: POST http://test/user/create "HTTP/1.1 201 Created"
[INFO] 2024-01-15 23:29:05,966 | httpx:1758 | HTTP Request: POST http://test/token "HTTP/1.1 200 OK"
[INFO] 2024-01-15 23:29:05,972 | httpx:1758 | HTTP Request: POST http://test/todo/create "HTTP/1.1 201 Created"
[INFO] 2024-01-15 23:29:06,238 | httpx:1758 | HTTP Request: POST http://test/user/create "HTTP/1.1 201 Created"
[INFO] 2024-01-15 23:29:06,506 | httpx:1758 | HTTP Request: POST http://test/token "HTTP/1.1 200 OK"
[INFO] 2024-01-15 23:29:06,510 | httpx:1758 | HTTP Request: GET http://test/todo/list "HTTP/1.1 200 OK"
[INFO] 2024-01-15 23:29:06,757 | httpx:1758 | HTTP Request: POST http://test/user/create "HTTP/1.1 201 Created"
[INFO] 2024-01-15 23:29:07,012 | httpx:1758 | HTTP Request: POST http://test/token "HTTP/1.1 200 OK"
[INFO] 2024-01-15 23:29:07,016 | httpx:1758 | HTTP Request: POST http://test/todo/create "HTTP/1.1 201 Created"
[INFO] 2024-01-15 23:29:07,019 | httpx:1758 | HTTP Request: GET http://test/todo/detail/1 "HTTP/1.1 200 OK"
[INFO] 2024-01-15 23:29:07,275 | httpx:1758 | HTTP Request: POST http://test/user/create "HTTP/1.1 201 Created"
[INFO] 2024-01-15 23:29:07,525 | httpx:1758 | HTTP Request: POST http://test/token "HTTP/1.1 200 OK"
[INFO] 2024-01-15 23:29:07,529 | httpx:1758 | HTTP Request: POST http://test/todo/create "HTTP/1.1 201 Created"
[INFO] 2024-01-15 23:29:07,534 | httpx:1758 | HTTP Request: PATCH http://test/todo/update/1 "HTTP/1.1 200 OK"
[INFO] 2024-01-15 23:29:07,795 | httpx:1758 | HTTP Request: POST http://test/user/create "HTTP/1.1 201 Created"
[INFO] 2024-01-15 23:29:08,050 | httpx:1758 | HTTP Request: POST http://test/token "HTTP/1.1 200 OK"
[INFO] 2024-01-15 23:29:08,053 | httpx:1758 | HTTP Request: POST http://test/todo/create "HTTP/1.1 201 Created"
[INFO] 2024-01-15 23:29:08,057 | httpx:1758 | HTTP Request: DELETE http://test/todo/delete/1 "HTTP/1.1 204 No Content"
[INFO] 2024-01-15 23:29:08,335 | httpx:1758 | HTTP Request: POST http://test/user/create "HTTP/1.1 201 Created"
[INFO] 2024-01-15 23:29:08,595 | httpx:1758 | HTTP Request: POST http://test/user/create "HTTP/1.1 201 Created"
[INFO] 2024-01-15 23:29:08,837 | httpx:1758 | HTTP Request: POST http://test/token "HTTP/1.1 200 OK"
[INFO] 2024-01-15 23:29:08,839 | api.routers.user:62 | ログインユーザーの取得に成功しました
[INFO] 2024-01-15 23:29:08,840 | httpx:1758 | HTTP Request: GET http://test/user/me "HTTP/1.1 200 OK"
[INFO] 2024-01-15 23:29:09,096 | httpx:1758 | HTTP Request: POST http://test/user/create "HTTP/1.1 201 Created"
[INFO] 2024-01-15 23:29:09,348 | httpx:1758 | HTTP Request: POST http://test/token "HTTP/1.1 200 OK"
[INFO] 2024-01-15 23:29:09,601 | httpx:1758 | HTTP Request: PATCH http://test/user/update "HTTP/1.1 200 OK"
[INFO] 2024-01-15 23:29:09,863 | httpx:1758 | HTTP Request: POST http://test/user/create "HTTP/1.1 201 Created"
[INFO] 2024-01-15 23:29:10,105 | httpx:1758 | HTTP Request: POST http://test/token "HTTP/1.1 200 OK"
[INFO] 2024-01-15 23:29:10,109 | httpx:1758 | HTTP Request: DELETE http://test/user/delete "HTTP/1.1 204 No Content"
[WARNING] 2024-01-15 23:29:18,431 | passlib.handlers.bcrypt:622 | (trapped) error reading bcrypt version
Traceback (most recent call last):
  File "/usr/local/lib/python3.12/site-packages/passlib/handlers/bcrypt.py", line 620, in _load_backend_mixin
    version = _bcrypt.__about__.__version__
              ^^^^^^^^^^^^^^^^^
AttributeError: module 'bcrypt' has no attribute '__about__'
[INFO] 2024-01-15 23:29:18,696 | httpx:1758 | HTTP Request: POST http://test/user/create "HTTP/1.1 201 Created"
[INFO] 2024-01-15 23:29:18,964 | httpx:1758 | HTTP Request: POST http://test/token "HTTP/1.1 200 OK"
[INFO] 2024-01-15 23:29:18,970 | httpx:1758 | HTTP Request: POST http://test/todo/create "HTTP/1.1 201 Created"
[INFO] 2024-01-15 23:29:19,213 | httpx:1758 | HTTP Request: POST http://test/user/create "HTTP/1.1 201 Created"
[INFO] 2024-01-15 23:29:19,514 | httpx:1758 | HTTP Request: POST http://test/token "HTTP/1.1 200 OK"
[INFO] 2024-01-15 23:29:19,518 | httpx:1758 | HTTP Request: GET http://test/todo/list "HTTP/1.1 200 OK"
[INFO] 2024-01-15 23:29:19,781 | httpx:1758 | HTTP Request: POST http://test/user/create "HTTP/1.1 201 Created"
[INFO] 2024-01-15 23:29:20,030 | httpx:1758 | HTTP Request: POST http://test/token "HTTP/1.1 200 OK"
[INFO] 2024-01-15 23:29:20,034 | httpx:1758 | HTTP Request: POST http://test/todo/create "HTTP/1.1 201 Created"
[INFO] 2024-01-15 23:29:20,039 | httpx:1758 | HTTP Request: GET http://test/todo/detail/1 "HTTP/1.1 200 OK"
[INFO] 2024-01-15 23:29:20,297 | httpx:1758 | HTTP Request: POST http://test/user/create "HTTP/1.1 201 Created"
[INFO] 2024-01-15 23:29:20,543 | httpx:1758 | HTTP Request: POST http://test/token "HTTP/1.1 200 OK"
[INFO] 2024-01-15 23:29:20,546 | httpx:1758 | HTTP Request: POST http://test/todo/create "HTTP/1.1 201 Created"
[INFO] 2024-01-15 23:29:20,551 | httpx:1758 | HTTP Request: PATCH http://test/todo/update/1 "HTTP/1.1 200 OK"
[INFO] 2024-01-15 23:29:20,817 | httpx:1758 | HTTP Request: POST http://test/user/create "HTTP/1.1 201 Created"
[INFO] 2024-01-15 23:29:21,061 | httpx:1758 | HTTP Request: POST http://test/token "HTTP/1.1 200 OK"
[INFO] 2024-01-15 23:29:21,065 | httpx:1758 | HTTP Request: POST http://test/todo/create "HTTP/1.1 201 Created"
[INFO] 2024-01-15 23:29:21,067 | httpx:1758 | HTTP Request: DELETE http://test/todo/delete/1 "HTTP/1.1 204 No Content"
[INFO] 2024-01-15 23:29:21,329 | httpx:1758 | HTTP Request: POST http://test/user/create "HTTP/1.1 201 Created"
[INFO] 2024-01-15 23:29:21,591 | httpx:1758 | HTTP Request: POST http://test/user/create "HTTP/1.1 201 Created"
[INFO] 2024-01-15 23:29:21,848 | httpx:1758 | HTTP Request: POST http://test/token "HTTP/1.1 200 OK"
[INFO] 2024-01-15 23:29:21,850 | api.routers.user:62 | ログインユーザーの取得に成功しました
[INFO] 2024-01-15 23:29:21,850 | httpx:1758 | HTTP Request: GET http://test/user/me "HTTP/1.1 200 OK"
[INFO] 2024-01-15 23:29:22,148 | httpx:1758 | HTTP Request: POST http://test/user/create "HTTP/1.1 201 Created"
[INFO] 2024-01-15 23:29:22,409 | httpx:1758 | HTTP Request: POST http://test/token "HTTP/1.1 200 OK"
[INFO] 2024-01-15 23:29:22,654 | httpx:1758 | HTTP Request: PATCH http://test/user/update "HTTP/1.1 200 OK"
[INFO] 2024-01-15 23:29:22,921 | httpx:1758 | HTTP Request: POST http://test/user/create "HTTP/1.1 201 Created"
[INFO] 2024-01-15 23:29:23,165 | httpx:1758 | HTTP Request: POST http://test/token "HTTP/1.1 200 OK"
[INFO] 2024-01-15 23:29:23,168 | httpx:1758 | HTTP Request: DELETE http://test/user/delete "HTTP/1.1 204 No Content"
[WARNING] 2024-01-15 23:31:42,249 | passlib.handlers.bcrypt:622 | (trapped) error reading bcrypt version
Traceback (most recent call last):
  File "/usr/local/lib/python3.12/site-packages/passlib/handlers/bcrypt.py", line 620, in _load_backend_mixin
    version = _bcrypt.__about__.__version__
              ^^^^^^^^^^^^^^^^^
AttributeError: module 'bcrypt' has no attribute '__about__'
[INFO] 2024-01-15 23:31:42,530 | httpx:1758 | HTTP Request: POST http://test/user/create "HTTP/1.1 201 Created"
[INFO] 2024-01-15 23:31:42,776 | httpx:1758 | HTTP Request: POST http://test/token "HTTP/1.1 200 OK"
[INFO] 2024-01-15 23:31:42,781 | httpx:1758 | HTTP Request: POST http://test/todo/create "HTTP/1.1 201 Created"
[WARNING] 2024-01-15 23:32:07,419 | passlib.handlers.bcrypt:622 | (trapped) error reading bcrypt version
Traceback (most recent call last):
  File "/usr/local/lib/python3.12/site-packages/passlib/handlers/bcrypt.py", line 620, in _load_backend_mixin
    version = _bcrypt.__about__.__version__
              ^^^^^^^^^^^^^^^^^
AttributeError: module 'bcrypt' has no attribute '__about__'
[INFO] 2024-01-15 23:32:07,695 | httpx:1758 | HTTP Request: POST http://test/user/create "HTTP/1.1 201 Created"
[INFO] 2024-01-15 23:32:07,952 | httpx:1758 | HTTP Request: POST http://test/token "HTTP/1.1 200 OK"
[INFO] 2024-01-15 23:32:07,958 | httpx:1758 | HTTP Request: POST http://test/todo/create "HTTP/1.1 201 Created"
[INFO] 2024-01-15 23:32:08,222 | httpx:1758 | HTTP Request: POST http://test/user/create "HTTP/1.1 201 Created"
[INFO] 2024-01-15 23:32:08,474 | httpx:1758 | HTTP Request: POST http://test/token "HTTP/1.1 200 OK"
[INFO] 2024-01-15 23:32:08,477 | httpx:1758 | HTTP Request: GET http://test/todo/list "HTTP/1.1 200 OK"
[INFO] 2024-01-15 23:32:08,745 | httpx:1758 | HTTP Request: POST http://test/user/create "HTTP/1.1 201 Created"
[INFO] 2024-01-15 23:32:08,986 | httpx:1758 | HTTP Request: POST http://test/token "HTTP/1.1 200 OK"
[INFO] 2024-01-15 23:32:08,990 | httpx:1758 | HTTP Request: POST http://test/todo/create "HTTP/1.1 201 Created"
[INFO] 2024-01-15 23:32:08,993 | httpx:1758 | HTTP Request: GET http://test/todo/detail/1 "HTTP/1.1 200 OK"
[INFO] 2024-01-15 23:32:09,264 | httpx:1758 | HTTP Request: POST http://test/user/create "HTTP/1.1 201 Created"
[INFO] 2024-01-15 23:32:09,501 | httpx:1758 | HTTP Request: POST http://test/token "HTTP/1.1 200 OK"
[INFO] 2024-01-15 23:32:09,505 | httpx:1758 | HTTP Request: POST http://test/todo/create "HTTP/1.1 201 Created"
[INFO] 2024-01-15 23:32:09,509 | httpx:1758 | HTTP Request: PATCH http://test/todo/update/1 "HTTP/1.1 200 OK"
[INFO] 2024-01-15 23:32:09,781 | httpx:1758 | HTTP Request: POST http://test/user/create "HTTP/1.1 201 Created"
[INFO] 2024-01-15 23:32:10,014 | httpx:1758 | HTTP Request: POST http://test/token "HTTP/1.1 200 OK"
[INFO] 2024-01-15 23:32:10,018 | httpx:1758 | HTTP Request: POST http://test/todo/create "HTTP/1.1 201 Created"
[INFO] 2024-01-15 23:32:10,021 | httpx:1758 | HTTP Request: DELETE http://test/todo/delete/1 "HTTP/1.1 204 No Content"
[INFO] 2024-01-15 23:32:10,301 | httpx:1758 | HTTP Request: POST http://test/user/create "HTTP/1.1 201 Created"
[INFO] 2024-01-15 23:32:10,555 | httpx:1758 | HTTP Request: POST http://test/user/create "HTTP/1.1 201 Created"
[INFO] 2024-01-15 23:32:10,824 | httpx:1758 | HTTP Request: POST http://test/token "HTTP/1.1 200 OK"
[INFO] 2024-01-15 23:32:10,826 | api.routers.user:62 | ログインユーザーの取得に成功しました
[INFO] 2024-01-15 23:32:10,827 | httpx:1758 | HTTP Request: GET http://test/user/me "HTTP/1.1 200 OK"
[INFO] 2024-01-15 23:32:11,069 | httpx:1758 | HTTP Request: POST http://test/user/create "HTTP/1.1 201 Created"
[INFO] 2024-01-15 23:32:11,345 | httpx:1758 | HTTP Request: POST http://test/token "HTTP/1.1 200 OK"
[INFO] 2024-01-15 23:32:11,572 | httpx:1758 | HTTP Request: PATCH http://test/user/update "HTTP/1.1 200 OK"
[INFO] 2024-01-15 23:32:11,850 | httpx:1758 | HTTP Request: POST http://test/user/create "HTTP/1.1 201 Created"
[INFO] 2024-01-15 23:32:12,087 | httpx:1758 | HTTP Request: POST http://test/token "HTTP/1.1 200 OK"
[INFO] 2024-01-15 23:32:12,091 | httpx:1758 | HTTP Request: DELETE http://test/user/delete "HTTP/1.1 204 No Content"
[WARNING] 2024-01-15 23:48:16,860 | passlib.handlers.bcrypt:622 | (trapped) error reading bcrypt version
Traceback (most recent call last):
  File "/usr/local/lib/python3.12/site-packages/passlib/handlers/bcrypt.py", line 620, in _load_backend_mixin
    version = _bcrypt.__about__.__version__
              ^^^^^^^^^^^^^^^^^
AttributeError: module 'bcrypt' has no attribute '__about__'
[INFO] 2024-01-15 23:48:17,111 | httpx:1758 | HTTP Request: POST http://test/user/create "HTTP/1.1 201 Created"
[INFO] 2024-01-15 23:48:17,389 | httpx:1758 | HTTP Request: POST http://test/token "HTTP/1.1 200 OK"
[INFO] 2024-01-15 23:48:17,394 | httpx:1758 | HTTP Request: POST http://test/todo/create "HTTP/1.1 201 Created"
[WARNING] 2024-01-15 23:53:16,275 | passlib.handlers.bcrypt:622 | (trapped) error reading bcrypt version
Traceback (most recent call last):
  File "/usr/local/lib/python3.12/site-packages/passlib/handlers/bcrypt.py", line 620, in _load_backend_mixin
    version = _bcrypt.__about__.__version__
              ^^^^^^^^^^^^^^^^^
AttributeError: module 'bcrypt' has no attribute '__about__'
[INFO] 2024-01-15 23:53:16,570 | httpx:1758 | HTTP Request: POST http://test/user/create "HTTP/1.1 201 Created"
[INFO] 2024-01-15 23:53:16,802 | httpx:1758 | HTTP Request: POST http://test/token "HTTP/1.1 200 OK"
[INFO] 2024-01-15 23:53:16,807 | httpx:1758 | HTTP Request: POST http://test/todo/create "HTTP/1.1 201 Created"
[INFO] 2024-01-15 23:53:17,098 | httpx:1758 | HTTP Request: POST http://test/user/create "HTTP/1.1 201 Created"
[INFO] 2024-01-15 23:53:17,330 | httpx:1758 | HTTP Request: POST http://test/token "HTTP/1.1 200 OK"
[INFO] 2024-01-15 23:53:17,333 | httpx:1758 | HTTP Request: GET http://test/todo/list "HTTP/1.1 200 OK"
[INFO] 2024-01-15 23:53:17,618 | httpx:1758 | HTTP Request: POST http://test/user/create "HTTP/1.1 201 Created"
[INFO] 2024-01-15 23:53:17,851 | httpx:1758 | HTTP Request: POST http://test/token "HTTP/1.1 200 OK"
[INFO] 2024-01-15 23:53:17,854 | httpx:1758 | HTTP Request: POST http://test/todo/create "HTTP/1.1 201 Created"
[INFO] 2024-01-15 23:53:17,856 | httpx:1758 | HTTP Request: GET http://test/todo/detail/1 "HTTP/1.1 200 OK"
[INFO] 2024-01-15 23:53:18,141 | httpx:1758 | HTTP Request: POST http://test/user/create "HTTP/1.1 201 Created"
[INFO] 2024-01-15 23:53:18,378 | httpx:1758 | HTTP Request: POST http://test/token "HTTP/1.1 200 OK"
[INFO] 2024-01-15 23:53:18,381 | httpx:1758 | HTTP Request: POST http://test/todo/create "HTTP/1.1 201 Created"
[INFO] 2024-01-15 23:53:18,385 | httpx:1758 | HTTP Request: PATCH http://test/todo/update/1 "HTTP/1.1 200 OK"
[INFO] 2024-01-15 23:53:18,664 | httpx:1758 | HTTP Request: POST http://test/user/create "HTTP/1.1 201 Created"
[INFO] 2024-01-15 23:53:18,902 | httpx:1758 | HTTP Request: POST http://test/token "HTTP/1.1 200 OK"
[INFO] 2024-01-15 23:53:18,905 | httpx:1758 | HTTP Request: POST http://test/todo/create "HTTP/1.1 201 Created"
[INFO] 2024-01-15 23:53:18,908 | httpx:1758 | HTTP Request: DELETE http://test/todo/delete/1 "HTTP/1.1 204 No Content"
[INFO] 2024-01-15 23:53:19,182 | httpx:1758 | HTTP Request: POST http://test/user/create "HTTP/1.1 201 Created"
[INFO] 2024-01-15 23:53:19,434 | httpx:1758 | HTTP Request: POST http://test/user/create "HTTP/1.1 201 Created"
[INFO] 2024-01-15 23:53:19,688 | httpx:1758 | HTTP Request: POST http://test/token "HTTP/1.1 200 OK"
[INFO] 2024-01-15 23:53:19,690 | api.routers.user:62 | ログインユーザーの取得に成功しました
[INFO] 2024-01-15 23:53:19,691 | httpx:1758 | HTTP Request: GET http://test/user/me "HTTP/1.1 200 OK"
[INFO] 2024-01-15 23:53:19,950 | httpx:1758 | HTTP Request: POST http://test/user/create "HTTP/1.1 201 Created"
[INFO] 2024-01-15 23:53:20,200 | httpx:1758 | HTTP Request: POST http://test/token "HTTP/1.1 200 OK"
[INFO] 2024-01-15 23:53:20,450 | httpx:1758 | HTTP Request: PATCH http://test/user/update "HTTP/1.1 200 OK"
[INFO] 2024-01-15 23:53:20,707 | httpx:1758 | HTTP Request: POST http://test/user/create "HTTP/1.1 201 Created"
[INFO] 2024-01-15 23:53:20,962 | httpx:1758 | HTTP Request: POST http://test/token "HTTP/1.1 200 OK"
[INFO] 2024-01-15 23:53:20,966 | httpx:1758 | HTTP Request: DELETE http://test/user/delete "HTTP/1.1 204 No Content"
[WARNING] 2024-01-16 00:26:15,052 | passlib.handlers.bcrypt:622 | (trapped) error reading bcrypt version
Traceback (most recent call last):
  File "/usr/local/lib/python3.12/site-packages/passlib/handlers/bcrypt.py", line 620, in _load_backend_mixin
    version = _bcrypt.__about__.__version__
              ^^^^^^^^^^^^^^^^^
AttributeError: module 'bcrypt' has no attribute '__about__'
[INFO] 2024-01-16 00:26:15,316 | httpx:1758 | HTTP Request: POST http://test/user/create "HTTP/1.1 201 Created"
[INFO] 2024-01-16 00:26:15,580 | httpx:1758 | HTTP Request: POST http://test/token "HTTP/1.1 200 OK"
[INFO] 2024-01-16 00:26:15,584 | httpx:1758 | HTTP Request: POST http://test/todo/create "HTTP/1.1 201 Created"
[WARNING] 2024-01-16 00:36:42,664 | passlib.handlers.bcrypt:622 | (trapped) error reading bcrypt version
Traceback (most recent call last):
  File "/usr/local/lib/python3.12/site-packages/passlib/handlers/bcrypt.py", line 620, in _load_backend_mixin
    version = _bcrypt.__about__.__version__
              ^^^^^^^^^^^^^^^^^
AttributeError: module 'bcrypt' has no attribute '__about__'
[INFO] 2024-01-16 00:36:42,928 | httpx:1758 | HTTP Request: POST http://test/user/create "HTTP/1.1 201 Created"
[INFO] 2024-01-16 00:36:43,194 | httpx:1758 | HTTP Request: POST http://test/token "HTTP/1.1 200 OK"
[INFO] 2024-01-16 00:36:43,199 | httpx:1758 | HTTP Request: POST http://test/todo/create "HTTP/1.1 201 Created"
[WARNING] 2024-01-16 00:51:02,355 | passlib.handlers.bcrypt:622 | (trapped) error reading bcrypt version
Traceback (most recent call last):
  File "/usr/local/lib/python3.12/site-packages/passlib/handlers/bcrypt.py", line 620, in _load_backend_mixin
    version = _bcrypt.__about__.__version__
              ^^^^^^^^^^^^^^^^^
AttributeError: module 'bcrypt' has no attribute '__about__'
[INFO] 2024-01-16 00:51:02,639 | httpx:1758 | HTTP Request: POST http://test/user/create "HTTP/1.1 201 Created"
[INFO] 2024-01-16 00:51:02,884 | httpx:1758 | HTTP Request: POST http://test/token "HTTP/1.1 200 OK"
[INFO] 2024-01-16 00:51:02,889 | httpx:1758 | HTTP Request: POST http://test/todo/create "HTTP/1.1 201 Created"
[INFO] 2024-01-16 00:51:03,163 | httpx:1758 | HTTP Request: POST http://test/user/create "HTTP/1.1 201 Created"
[INFO] 2024-01-16 00:51:03,399 | httpx:1758 | HTTP Request: POST http://test/token "HTTP/1.1 200 OK"
[INFO] 2024-01-16 00:51:03,403 | httpx:1758 | HTTP Request: GET http://test/todo/list "HTTP/1.1 200 OK"
[INFO] 2024-01-16 00:51:03,680 | httpx:1758 | HTTP Request: POST http://test/user/create "HTTP/1.1 201 Created"
[INFO] 2024-01-16 00:51:03,912 | httpx:1758 | HTTP Request: POST http://test/token "HTTP/1.1 200 OK"
[INFO] 2024-01-16 00:51:03,915 | httpx:1758 | HTTP Request: POST http://test/todo/create "HTTP/1.1 201 Created"
[INFO] 2024-01-16 00:51:03,918 | httpx:1758 | HTTP Request: GET http://test/todo/detail/1 "HTTP/1.1 200 OK"
[INFO] 2024-01-16 00:51:04,197 | httpx:1758 | HTTP Request: POST http://test/user/create "HTTP/1.1 201 Created"
[INFO] 2024-01-16 00:51:04,426 | httpx:1758 | HTTP Request: POST http://test/token "HTTP/1.1 200 OK"
[INFO] 2024-01-16 00:51:04,430 | httpx:1758 | HTTP Request: POST http://test/todo/create "HTTP/1.1 201 Created"
[INFO] 2024-01-16 00:51:04,435 | httpx:1758 | HTTP Request: PATCH http://test/todo/update/1 "HTTP/1.1 200 OK"
[INFO] 2024-01-16 00:51:04,739 | httpx:1758 | HTTP Request: POST http://test/user/create "HTTP/1.1 201 Created"
[INFO] 2024-01-16 00:51:04,964 | httpx:1758 | HTTP Request: POST http://test/token "HTTP/1.1 200 OK"
[INFO] 2024-01-16 00:51:04,967 | httpx:1758 | HTTP Request: POST http://test/todo/create "HTTP/1.1 201 Created"
[INFO] 2024-01-16 00:51:04,970 | httpx:1758 | HTTP Request: DELETE http://test/todo/delete/1 "HTTP/1.1 204 No Content"
[INFO] 2024-01-16 00:51:05,304 | httpx:1758 | HTTP Request: POST http://test/user/create "HTTP/1.1 201 Created"
[INFO] 2024-01-16 00:51:05,552 | httpx:1758 | HTTP Request: POST http://test/user/create "HTTP/1.1 201 Created"
[INFO] 2024-01-16 00:51:05,813 | httpx:1758 | HTTP Request: POST http://test/token "HTTP/1.1 200 OK"
[INFO] 2024-01-16 00:51:05,815 | api.routers.user:62 | ログインユーザーの取得に成功しました
[INFO] 2024-01-16 00:51:05,816 | httpx:1758 | HTTP Request: GET http://test/user/me "HTTP/1.1 200 OK"
[INFO] 2024-01-16 00:51:06,062 | httpx:1758 | HTTP Request: POST http://test/user/create "HTTP/1.1 201 Created"
[INFO] 2024-01-16 00:51:06,325 | httpx:1758 | HTTP Request: POST http://test/token "HTTP/1.1 200 OK"
[INFO] 2024-01-16 00:51:06,572 | httpx:1758 | HTTP Request: PATCH http://test/user/update "HTTP/1.1 200 OK"
[INFO] 2024-01-16 00:51:06,847 | httpx:1758 | HTTP Request: POST http://test/user/create "HTTP/1.1 201 Created"
[INFO] 2024-01-16 00:51:07,097 | httpx:1758 | HTTP Request: POST http://test/token "HTTP/1.1 200 OK"
[INFO] 2024-01-16 00:51:07,100 | httpx:1758 | HTTP Request: DELETE http://test/user/delete "HTTP/1.1 204 No Content"
[WARNING] 2024-01-16 00:51:12,240 | passlib.handlers.bcrypt:622 | (trapped) error reading bcrypt version
Traceback (most recent call last):
  File "/usr/local/lib/python3.12/site-packages/passlib/handlers/bcrypt.py", line 620, in _load_backend_mixin
    version = _bcrypt.__about__.__version__
              ^^^^^^^^^^^^^^^^^
AttributeError: module 'bcrypt' has no attribute '__about__'
[INFO] 2024-01-16 00:51:12,506 | httpx:1758 | HTTP Request: POST http://test/user/create "HTTP/1.1 201 Created"
[INFO] 2024-01-16 00:51:12,756 | httpx:1758 | HTTP Request: POST http://test/token "HTTP/1.1 200 OK"
[INFO] 2024-01-16 00:51:12,760 | httpx:1758 | HTTP Request: POST http://test/todo/create "HTTP/1.1 201 Created"
[WARNING] 2024-01-16 00:51:51,539 | passlib.handlers.bcrypt:622 | (trapped) error reading bcrypt version
Traceback (most recent call last):
  File "/usr/local/lib/python3.12/site-packages/passlib/handlers/bcrypt.py", line 620, in _load_backend_mixin
    version = _bcrypt.__about__.__version__
              ^^^^^^^^^^^^^^^^^
AttributeError: module 'bcrypt' has no attribute '__about__'
[INFO] 2024-01-16 00:51:51,807 | httpx:1758 | HTTP Request: POST http://test/user/create "HTTP/1.1 201 Created"
[INFO] 2024-01-16 00:51:52,051 | httpx:1758 | HTTP Request: POST http://test/token "HTTP/1.1 200 OK"
[INFO] 2024-01-16 00:51:52,056 | httpx:1758 | HTTP Request: POST http://test/todo/create "HTTP/1.1 201 Created"
[INFO] 2024-01-16 00:51:52,312 | httpx:1758 | HTTP Request: POST http://test/user/create "HTTP/1.1 201 Created"
[INFO] 2024-01-16 00:51:52,577 | httpx:1758 | HTTP Request: POST http://test/token "HTTP/1.1 200 OK"
[INFO] 2024-01-16 00:51:52,580 | httpx:1758 | HTTP Request: GET http://test/todo/list "HTTP/1.1 200 OK"
[INFO] 2024-01-16 00:51:52,829 | httpx:1758 | HTTP Request: POST http://test/user/create "HTTP/1.1 201 Created"
[INFO] 2024-01-16 00:51:53,095 | httpx:1758 | HTTP Request: POST http://test/token "HTTP/1.1 200 OK"
[INFO] 2024-01-16 00:51:53,099 | httpx:1758 | HTTP Request: POST http://test/todo/create "HTTP/1.1 201 Created"
[INFO] 2024-01-16 00:51:53,102 | httpx:1758 | HTTP Request: GET http://test/todo/detail/1 "HTTP/1.1 200 OK"
[INFO] 2024-01-16 00:51:53,344 | httpx:1758 | HTTP Request: POST http://test/user/create "HTTP/1.1 201 Created"
[INFO] 2024-01-16 00:51:53,616 | httpx:1758 | HTTP Request: POST http://test/token "HTTP/1.1 200 OK"
[INFO] 2024-01-16 00:51:53,619 | httpx:1758 | HTTP Request: POST http://test/todo/create "HTTP/1.1 201 Created"
[INFO] 2024-01-16 00:51:53,623 | httpx:1758 | HTTP Request: PATCH http://test/todo/update/1 "HTTP/1.1 200 OK"
[INFO] 2024-01-16 00:51:53,867 | httpx:1758 | HTTP Request: POST http://test/user/create "HTTP/1.1 201 Created"
[INFO] 2024-01-16 00:51:54,138 | httpx:1758 | HTTP Request: POST http://test/token "HTTP/1.1 200 OK"
[INFO] 2024-01-16 00:51:54,142 | httpx:1758 | HTTP Request: POST http://test/todo/create "HTTP/1.1 201 Created"
[INFO] 2024-01-16 00:51:54,145 | httpx:1758 | HTTP Request: DELETE http://test/todo/delete/1 "HTTP/1.1 204 No Content"
[INFO] 2024-01-16 00:51:54,382 | httpx:1758 | HTTP Request: POST http://test/user/create "HTTP/1.1 201 Created"
[INFO] 2024-01-16 00:51:54,660 | httpx:1758 | HTTP Request: POST http://test/user/create "HTTP/1.1 201 Created"
[INFO] 2024-01-16 00:51:54,888 | httpx:1758 | HTTP Request: POST http://test/token "HTTP/1.1 200 OK"
[INFO] 2024-01-16 00:51:54,890 | api.routers.user:62 | ログインユーザーの取得に成功しました
[INFO] 2024-01-16 00:51:54,891 | httpx:1758 | HTTP Request: GET http://test/user/me "HTTP/1.1 200 OK"
[INFO] 2024-01-16 00:51:55,176 | httpx:1758 | HTTP Request: POST http://test/user/create "HTTP/1.1 201 Created"
[INFO] 2024-01-16 00:51:55,411 | httpx:1758 | HTTP Request: POST http://test/token "HTTP/1.1 200 OK"
[INFO] 2024-01-16 00:51:55,672 | httpx:1758 | HTTP Request: PATCH http://test/user/update "HTTP/1.1 200 OK"
[INFO] 2024-01-16 00:51:55,924 | httpx:1758 | HTTP Request: POST http://test/user/create "HTTP/1.1 201 Created"
[INFO] 2024-01-16 00:51:56,179 | httpx:1758 | HTTP Request: POST http://test/token "HTTP/1.1 200 OK"
[INFO] 2024-01-16 00:51:56,183 | httpx:1758 | HTTP Request: DELETE http://test/user/delete "HTTP/1.1 204 No Content"
[WARNING] 2024-01-16 08:07:25,170 | passlib.handlers.bcrypt:622 | (trapped) error reading bcrypt version
Traceback (most recent call last):
  File "/usr/local/lib/python3.12/site-packages/passlib/handlers/bcrypt.py", line 620, in _load_backend_mixin
    version = _bcrypt.__about__.__version__
              ^^^^^^^^^^^^^^^^^
AttributeError: module 'bcrypt' has no attribute '__about__'
[INFO] 2024-01-16 08:07:25,444 | httpx:1758 | HTTP Request: POST http://test/user/create "HTTP/1.1 201 Created"
[INFO] 2024-01-16 08:07:25,701 | httpx:1758 | HTTP Request: POST http://test/token "HTTP/1.1 200 OK"
[INFO] 2024-01-16 08:07:25,707 | httpx:1758 | HTTP Request: POST http://test/todo/create "HTTP/1.1 201 Created"
[WARNING] 2024-01-16 08:13:20,104 | passlib.handlers.bcrypt:622 | (trapped) error reading bcrypt version
Traceback (most recent call last):
  File "/usr/local/lib/python3.12/site-packages/passlib/handlers/bcrypt.py", line 620, in _load_backend_mixin
    version = _bcrypt.__about__.__version__
              ^^^^^^^^^^^^^^^^^
AttributeError: module 'bcrypt' has no attribute '__about__'
[INFO] 2024-01-16 08:13:20,449 | httpx:1758 | HTTP Request: POST http://test/user/create "HTTP/1.1 201 Created"
[INFO] 2024-01-16 08:13:20,685 | httpx:1758 | HTTP Request: POST http://test/token "HTTP/1.1 200 OK"
[INFO] 2024-01-16 08:13:20,691 | httpx:1758 | HTTP Request: POST http://test/todo/create "HTTP/1.1 201 Created"
[INFO] 2024-01-16 08:13:20,974 | httpx:1758 | HTTP Request: POST http://test/user/create "HTTP/1.1 201 Created"
[INFO] 2024-01-16 08:13:21,203 | httpx:1758 | HTTP Request: POST http://test/token "HTTP/1.1 200 OK"
[INFO] 2024-01-16 08:13:21,207 | httpx:1758 | HTTP Request: GET http://test/todo/list "HTTP/1.1 200 OK"
[INFO] 2024-01-16 08:13:21,494 | httpx:1758 | HTTP Request: POST http://test/user/create "HTTP/1.1 201 Created"
[INFO] 2024-01-16 08:13:21,720 | httpx:1758 | HTTP Request: POST http://test/token "HTTP/1.1 200 OK"
[INFO] 2024-01-16 08:13:21,723 | httpx:1758 | HTTP Request: POST http://test/todo/create "HTTP/1.1 201 Created"
[INFO] 2024-01-16 08:13:21,726 | httpx:1758 | HTTP Request: GET http://test/todo/detail/1 "HTTP/1.1 200 OK"
[INFO] 2024-01-16 08:13:22,013 | httpx:1758 | HTTP Request: POST http://test/user/create "HTTP/1.1 201 Created"
[INFO] 2024-01-16 08:13:22,241 | httpx:1758 | HTTP Request: POST http://test/token "HTTP/1.1 200 OK"
[INFO] 2024-01-16 08:13:22,244 | httpx:1758 | HTTP Request: POST http://test/todo/create "HTTP/1.1 201 Created"
[INFO] 2024-01-16 08:13:22,248 | httpx:1758 | HTTP Request: PATCH http://test/todo/update/1 "HTTP/1.1 200 OK"
[INFO] 2024-01-16 08:13:22,530 | httpx:1758 | HTTP Request: POST http://test/user/create "HTTP/1.1 201 Created"
[INFO] 2024-01-16 08:13:22,760 | httpx:1758 | HTTP Request: POST http://test/token "HTTP/1.1 200 OK"
[INFO] 2024-01-16 08:13:22,764 | httpx:1758 | HTTP Request: POST http://test/todo/create "HTTP/1.1 201 Created"
[INFO] 2024-01-16 08:13:22,767 | httpx:1758 | HTTP Request: DELETE http://test/todo/delete/1 "HTTP/1.1 204 No Content"
[INFO] 2024-01-16 08:13:23,049 | httpx:1758 | HTTP Request: POST http://test/user/create "HTTP/1.1 201 Created"
[INFO] 2024-01-16 08:13:23,293 | httpx:1758 | HTTP Request: POST http://test/user/create "HTTP/1.1 201 Created"
[INFO] 2024-01-16 08:13:23,555 | httpx:1758 | HTTP Request: POST http://test/token "HTTP/1.1 200 OK"
[INFO] 2024-01-16 08:13:23,557 | api.routers.user:62 | ログインユーザーの取得に成功しました
[INFO] 2024-01-16 08:13:23,558 | httpx:1758 | HTTP Request: GET http://test/user/me "HTTP/1.1 200 OK"
[INFO] 2024-01-16 08:13:23,809 | httpx:1758 | HTTP Request: POST http://test/user/create "HTTP/1.1 201 Created"
[INFO] 2024-01-16 08:13:24,069 | httpx:1758 | HTTP Request: POST http://test/token "HTTP/1.1 200 OK"
[INFO] 2024-01-16 08:13:24,317 | httpx:1758 | HTTP Request: PATCH http://test/user/update "HTTP/1.1 200 OK"
[INFO] 2024-01-16 08:13:24,585 | httpx:1758 | HTTP Request: POST http://test/user/create "HTTP/1.1 201 Created"
[INFO] 2024-01-16 08:13:24,836 | httpx:1758 | HTTP Request: POST http://test/token "HTTP/1.1 200 OK"
[INFO] 2024-01-16 08:13:24,839 | httpx:1758 | HTTP Request: DELETE http://test/user/delete "HTTP/1.1 204 No Content"
[WARNING] 2024-01-16 08:29:24,793 | passlib.handlers.bcrypt:622 | (trapped) error reading bcrypt version
Traceback (most recent call last):
  File "/usr/local/lib/python3.12/site-packages/passlib/handlers/bcrypt.py", line 620, in _load_backend_mixin
    version = _bcrypt.__about__.__version__
              ^^^^^^^^^^^^^^^^^
AttributeError: module 'bcrypt' has no attribute '__about__'
[WARNING] 2024-01-16 08:36:13,535 | passlib.handlers.bcrypt:622 | (trapped) error reading bcrypt version
Traceback (most recent call last):
  File "/usr/local/lib/python3.12/site-packages/passlib/handlers/bcrypt.py", line 620, in _load_backend_mixin
    version = _bcrypt.__about__.__version__
              ^^^^^^^^^^^^^^^^^
AttributeError: module 'bcrypt' has no attribute '__about__'
[WARNING] 2024-01-16 08:36:40,267 | passlib.handlers.bcrypt:622 | (trapped) error reading bcrypt version
Traceback (most recent call last):
  File "/usr/local/lib/python3.12/site-packages/passlib/handlers/bcrypt.py", line 620, in _load_backend_mixin
    version = _bcrypt.__about__.__version__
              ^^^^^^^^^^^^^^^^^
AttributeError: module 'bcrypt' has no attribute '__about__'
[INFO] 2024-01-16 08:36:40,552 | httpx:1758 | HTTP Request: POST http://test/user/create "HTTP/1.1 201 Created"
[INFO] 2024-01-16 08:36:40,786 | httpx:1758 | HTTP Request: POST http://test/token "HTTP/1.1 200 OK"
[INFO] 2024-01-16 08:36:40,791 | httpx:1758 | HTTP Request: POST http://test/todo/create "HTTP/1.1 201 Created"
[WARNING] 2024-01-16 08:37:16,332 | passlib.handlers.bcrypt:622 | (trapped) error reading bcrypt version
Traceback (most recent call last):
  File "/usr/local/lib/python3.12/site-packages/passlib/handlers/bcrypt.py", line 620, in _load_backend_mixin
    version = _bcrypt.__about__.__version__
              ^^^^^^^^^^^^^^^^^
AttributeError: module 'bcrypt' has no attribute '__about__'
[WARNING] 2024-01-16 08:37:55,889 | passlib.handlers.bcrypt:622 | (trapped) error reading bcrypt version
Traceback (most recent call last):
  File "/usr/local/lib/python3.12/site-packages/passlib/handlers/bcrypt.py", line 620, in _load_backend_mixin
    version = _bcrypt.__about__.__version__
              ^^^^^^^^^^^^^^^^^
AttributeError: module 'bcrypt' has no attribute '__about__'
[WARNING] 2024-01-16 09:33:37,454 | passlib.handlers.bcrypt:622 | (trapped) error reading bcrypt version
Traceback (most recent call last):
  File "/usr/local/lib/python3.12/site-packages/passlib/handlers/bcrypt.py", line 620, in _load_backend_mixin
    version = _bcrypt.__about__.__version__
              ^^^^^^^^^^^^^^^^^
AttributeError: module 'bcrypt' has no attribute '__about__'
[INFO] 2024-01-16 09:33:37,730 | httpx:1758 | HTTP Request: POST http://test/user/create "HTTP/1.1 201 Created"
[INFO] 2024-01-16 09:33:38,001 | httpx:1758 | HTTP Request: POST http://test/token "HTTP/1.1 200 OK"
[INFO] 2024-01-16 09:33:38,006 | httpx:1758 | HTTP Request: POST http://test/todo/create "HTTP/1.1 201 Created"
[INFO] 2024-01-16 09:33:38,267 | httpx:1758 | HTTP Request: POST http://test/user/create "HTTP/1.1 201 Created"
[INFO] 2024-01-16 09:33:38,529 | httpx:1758 | HTTP Request: POST http://test/token "HTTP/1.1 200 OK"
[INFO] 2024-01-16 09:33:38,534 | httpx:1758 | HTTP Request: GET http://test/todo/list "HTTP/1.1 200 OK"
[INFO] 2024-01-16 09:33:38,799 | httpx:1758 | HTTP Request: POST http://test/user/create "HTTP/1.1 201 Created"
[INFO] 2024-01-16 09:33:39,072 | httpx:1758 | HTTP Request: POST http://test/token "HTTP/1.1 200 OK"
[INFO] 2024-01-16 09:33:39,075 | httpx:1758 | HTTP Request: POST http://test/todo/create "HTTP/1.1 201 Created"
[INFO] 2024-01-16 09:33:39,078 | httpx:1758 | HTTP Request: GET http://test/todo/detail/1 "HTTP/1.1 200 OK"
[INFO] 2024-01-16 09:33:39,358 | httpx:1758 | HTTP Request: POST http://test/user/create "HTTP/1.1 201 Created"
[INFO] 2024-01-16 09:33:39,626 | httpx:1758 | HTTP Request: POST http://test/token "HTTP/1.1 200 OK"
[INFO] 2024-01-16 09:33:39,631 | httpx:1758 | HTTP Request: POST http://test/todo/create "HTTP/1.1 201 Created"
[INFO] 2024-01-16 09:33:39,636 | httpx:1758 | HTTP Request: PATCH http://test/todo/update/1 "HTTP/1.1 200 OK"
[INFO] 2024-01-16 09:33:39,893 | httpx:1758 | HTTP Request: POST http://test/user/create "HTTP/1.1 201 Created"
[INFO] 2024-01-16 09:33:40,160 | httpx:1758 | HTTP Request: POST http://test/token "HTTP/1.1 200 OK"
[INFO] 2024-01-16 09:33:40,164 | httpx:1758 | HTTP Request: POST http://test/todo/create "HTTP/1.1 201 Created"
[INFO] 2024-01-16 09:33:40,167 | httpx:1758 | HTTP Request: DELETE http://test/todo/delete/1 "HTTP/1.1 204 No Content"
[INFO] 2024-01-16 09:33:40,423 | httpx:1758 | HTTP Request: POST http://test/user/create "HTTP/1.1 201 Created"
[INFO] 2024-01-16 09:33:40,740 | httpx:1758 | HTTP Request: POST http://test/user/create "HTTP/1.1 201 Created"
[INFO] 2024-01-16 09:33:40,994 | httpx:1758 | HTTP Request: POST http://test/token "HTTP/1.1 200 OK"
[INFO] 2024-01-16 09:33:40,996 | api.routers.user:62 | ログインユーザーの取得に成功しました
[INFO] 2024-01-16 09:33:40,997 | httpx:1758 | HTTP Request: GET http://test/user/me "HTTP/1.1 200 OK"
[INFO] 2024-01-16 09:33:41,276 | httpx:1758 | HTTP Request: POST http://test/user/create "HTTP/1.1 201 Created"
[INFO] 2024-01-16 09:33:41,552 | httpx:1758 | HTTP Request: POST http://test/token "HTTP/1.1 200 OK"
[INFO] 2024-01-16 09:33:41,825 | httpx:1758 | HTTP Request: PATCH http://test/user/update "HTTP/1.1 200 OK"
[INFO] 2024-01-16 09:33:42,086 | httpx:1758 | HTTP Request: POST http://test/user/create "HTTP/1.1 201 Created"
[INFO] 2024-01-16 09:33:42,341 | httpx:1758 | HTTP Request: POST http://test/token "HTTP/1.1 200 OK"
[INFO] 2024-01-16 09:33:42,345 | httpx:1758 | HTTP Request: DELETE http://test/user/delete "HTTP/1.1 204 No Content"
[WARNING] 2024-01-16 10:13:20,924 | passlib.handlers.bcrypt:622 | (trapped) error reading bcrypt version
Traceback (most recent call last):
  File "/usr/local/lib/python3.12/site-packages/passlib/handlers/bcrypt.py", line 620, in _load_backend_mixin
    version = _bcrypt.__about__.__version__
              ^^^^^^^^^^^^^^^^^
AttributeError: module 'bcrypt' has no attribute '__about__'
[INFO] 2024-01-16 10:13:21,224 | httpx:1758 | HTTP Request: POST http://test/user/create "HTTP/1.1 201 Created"
[INFO] 2024-01-16 10:13:21,499 | httpx:1758 | HTTP Request: POST http://test/token "HTTP/1.1 200 OK"
[INFO] 2024-01-16 10:13:21,506 | httpx:1758 | HTTP Request: POST http://test/todo/create "HTTP/1.1 201 Created"
[INFO] 2024-01-16 10:13:21,790 | httpx:1758 | HTTP Request: POST http://test/user/create "HTTP/1.1 201 Created"
[INFO] 2024-01-16 10:13:22,042 | httpx:1758 | HTTP Request: POST http://test/token "HTTP/1.1 200 OK"
[INFO] 2024-01-16 10:13:22,045 | httpx:1758 | HTTP Request: GET http://test/todo/list "HTTP/1.1 200 OK"
[INFO] 2024-01-16 10:13:22,327 | httpx:1758 | HTTP Request: POST http://test/user/create "HTTP/1.1 201 Created"
[INFO] 2024-01-16 10:13:22,572 | httpx:1758 | HTTP Request: POST http://test/token "HTTP/1.1 200 OK"
[INFO] 2024-01-16 10:13:22,576 | httpx:1758 | HTTP Request: POST http://test/todo/create "HTTP/1.1 201 Created"
[INFO] 2024-01-16 10:13:22,578 | httpx:1758 | HTTP Request: GET http://test/todo/detail/1 "HTTP/1.1 200 OK"
[INFO] 2024-01-16 10:13:22,843 | httpx:1758 | HTTP Request: POST http://test/user/create "HTTP/1.1 201 Created"
[INFO] 2024-01-16 10:13:23,095 | httpx:1758 | HTTP Request: POST http://test/token "HTTP/1.1 200 OK"
[INFO] 2024-01-16 10:13:23,099 | httpx:1758 | HTTP Request: POST http://test/todo/create "HTTP/1.1 201 Created"
[INFO] 2024-01-16 10:13:23,104 | httpx:1758 | HTTP Request: PATCH http://test/todo/update/1 "HTTP/1.1 200 OK"
[INFO] 2024-01-16 10:13:23,369 | httpx:1758 | HTTP Request: POST http://test/user/create "HTTP/1.1 201 Created"
[INFO] 2024-01-16 10:13:23,630 | httpx:1758 | HTTP Request: POST http://test/token "HTTP/1.1 200 OK"
[INFO] 2024-01-16 10:13:23,634 | httpx:1758 | HTTP Request: POST http://test/todo/create "HTTP/1.1 201 Created"
[INFO] 2024-01-16 10:13:23,637 | httpx:1758 | HTTP Request: DELETE http://test/todo/delete/1 "HTTP/1.1 204 No Content"
[INFO] 2024-01-16 10:13:23,904 | httpx:1758 | HTTP Request: POST http://test/user/create "HTTP/1.1 201 Created"
[INFO] 2024-01-16 10:13:24,181 | httpx:1758 | HTTP Request: POST http://test/user/create "HTTP/1.1 201 Created"
[INFO] 2024-01-16 10:13:24,428 | httpx:1758 | HTTP Request: POST http://test/token "HTTP/1.1 200 OK"
[INFO] 2024-01-16 10:13:24,430 | api.routers.user:62 | ログインユーザーの取得に成功しました
[INFO] 2024-01-16 10:13:24,431 | httpx:1758 | HTTP Request: GET http://test/user/me "HTTP/1.1 200 OK"
[INFO] 2024-01-16 10:13:24,713 | httpx:1758 | HTTP Request: POST http://test/user/create "HTTP/1.1 201 Created"
[INFO] 2024-01-16 10:13:24,954 | httpx:1758 | HTTP Request: POST http://test/token "HTTP/1.1 200 OK"
[INFO] 2024-01-16 10:13:25,223 | httpx:1758 | HTTP Request: PATCH http://test/user/update "HTTP/1.1 200 OK"
[INFO] 2024-01-16 10:13:25,475 | httpx:1758 | HTTP Request: POST http://test/user/create "HTTP/1.1 201 Created"
[INFO] 2024-01-16 10:13:25,749 | httpx:1758 | HTTP Request: POST http://test/token "HTTP/1.1 200 OK"
[INFO] 2024-01-16 10:13:25,754 | httpx:1758 | HTTP Request: DELETE http://test/user/delete "HTTP/1.1 204 No Content"
[WARNING] 2024-01-16 12:23:50,444 | passlib.handlers.bcrypt:622 | (trapped) error reading bcrypt version
Traceback (most recent call last):
  File "/usr/local/lib/python3.12/site-packages/passlib/handlers/bcrypt.py", line 620, in _load_backend_mixin
    version = _bcrypt.__about__.__version__
              ^^^^^^^^^^^^^^^^^
AttributeError: module 'bcrypt' has no attribute '__about__'
[INFO] 2024-01-16 12:23:50,720 | httpx:1758 | HTTP Request: POST http://test/user/create "HTTP/1.1 201 Created"
[INFO] 2024-01-16 12:23:50,965 | httpx:1758 | HTTP Request: POST http://test/token "HTTP/1.1 200 OK"
[INFO] 2024-01-16 12:23:50,969 | httpx:1758 | HTTP Request: POST http://test/todo/create "HTTP/1.1 201 Created"
[INFO] 2024-01-16 12:23:51,232 | httpx:1758 | HTTP Request: POST http://test/user/create "HTTP/1.1 201 Created"
[INFO] 2024-01-16 12:23:51,481 | httpx:1758 | HTTP Request: POST http://test/token "HTTP/1.1 200 OK"
[INFO] 2024-01-16 12:23:51,485 | httpx:1758 | HTTP Request: GET http://test/todo/list "HTTP/1.1 200 OK"
[INFO] 2024-01-16 12:23:51,745 | httpx:1758 | HTTP Request: POST http://test/user/create "HTTP/1.1 201 Created"
[INFO] 2024-01-16 12:23:51,996 | httpx:1758 | HTTP Request: POST http://test/token "HTTP/1.1 200 OK"
[INFO] 2024-01-16 12:23:52,000 | httpx:1758 | HTTP Request: POST http://test/todo/create "HTTP/1.1 201 Created"
[INFO] 2024-01-16 12:23:52,002 | httpx:1758 | HTTP Request: GET http://test/todo/detail/1 "HTTP/1.1 200 OK"
[INFO] 2024-01-16 12:23:52,251 | httpx:1758 | HTTP Request: POST http://test/user/create "HTTP/1.1 201 Created"
[INFO] 2024-01-16 12:23:52,502 | httpx:1758 | HTTP Request: POST http://test/token "HTTP/1.1 200 OK"
[INFO] 2024-01-16 12:23:52,508 | httpx:1758 | HTTP Request: POST http://test/todo/create "HTTP/1.1 201 Created"
[INFO] 2024-01-16 12:23:52,513 | httpx:1758 | HTTP Request: PATCH http://test/todo/update/1 "HTTP/1.1 200 OK"
[INFO] 2024-01-16 12:23:52,763 | httpx:1758 | HTTP Request: POST http://test/user/create "HTTP/1.1 201 Created"
[INFO] 2024-01-16 12:23:53,018 | httpx:1758 | HTTP Request: POST http://test/token "HTTP/1.1 200 OK"
[INFO] 2024-01-16 12:23:53,022 | httpx:1758 | HTTP Request: POST http://test/todo/create "HTTP/1.1 201 Created"
[INFO] 2024-01-16 12:23:53,027 | httpx:1758 | HTTP Request: DELETE http://test/todo/delete/1 "HTTP/1.1 204 No Content"
[INFO] 2024-01-16 12:23:53,280 | httpx:1758 | HTTP Request: POST http://test/user/create "HTTP/1.1 201 Created"
[INFO] 2024-01-16 12:23:53,545 | httpx:1758 | HTTP Request: POST http://test/user/create "HTTP/1.1 201 Created"
[INFO] 2024-01-16 12:23:53,787 | httpx:1758 | HTTP Request: POST http://test/token "HTTP/1.1 200 OK"
[INFO] 2024-01-16 12:23:53,789 | api.routers.user:62 | ログインユーザーの取得に成功しました
[INFO] 2024-01-16 12:23:53,790 | httpx:1758 | HTTP Request: GET http://test/user/me "HTTP/1.1 200 OK"
[INFO] 2024-01-16 12:23:54,052 | httpx:1758 | HTTP Request: POST http://test/user/create "HTTP/1.1 201 Created"
[INFO] 2024-01-16 12:23:54,327 | httpx:1758 | HTTP Request: POST http://test/token "HTTP/1.1 200 OK"
[INFO] 2024-01-16 12:23:54,576 | httpx:1758 | HTTP Request: PATCH http://test/user/update "HTTP/1.1 200 OK"
[INFO] 2024-01-16 12:23:54,846 | httpx:1758 | HTTP Request: POST http://test/user/create "HTTP/1.1 201 Created"
[INFO] 2024-01-16 12:23:55,087 | httpx:1758 | HTTP Request: POST http://test/token "HTTP/1.1 200 OK"
[INFO] 2024-01-16 12:23:55,091 | httpx:1758 | HTTP Request: DELETE http://test/user/delete "HTTP/1.1 204 No Content"
